\BOOKMARK [1][-]{section.1}{\376\377\133\236\232\214\116\000\377\032\133\371\214\141\162\171\140\047\122\006\147\220\116\016\217\307\172\013\143\247\122\066\174\373\176\337\176\323\147\204\213\276\213\241}{}% 1
\BOOKMARK [2][-]{subsection.1.1}{\376\377\133\236\232\214\166\356\166\204}{section.1}% 2
\BOOKMARK [2][-]{subsection.1.2}{\376\377\133\236\232\214\163\257\130\203\116\313\176\315}{section.1}% 3
\BOOKMARK [2][-]{subsection.1.3}{\376\377\133\236\232\214\121\205\133\271}{section.1}% 4
\BOOKMARK [2][-]{subsection.1.4}{\376\377\217\307\172\013\143\247\122\066\170\154\116\366\174\373\176\337\144\055\136\372}{section.1}% 5
\BOOKMARK [3][-]{subsubsection.1.4.1}{\376\377\154\064\173\261\133\236\232\214\123\360}{subsection.1.4}% 6
\BOOKMARK [3][-]{subsubsection.1.4.2}{\376\377\000P\000L\000C\163\260\127\072\143\247\122\066\123\125\121\103}{subsection.1.4}% 7
\BOOKMARK [3][-]{subsubsection.1.4.3}{\376\377\143\247\122\066\174\373\176\337\122\006\147\220}{subsection.1.4}% 8
\BOOKMARK [2][-]{subsection.1.5}{\376\377\154\064\173\261\133\371\214\141\122\250\140\001\162\171\140\047\122\006\147\220\123\312\174\373\176\337\217\250\213\306}{section.1}% 9
\BOOKMARK [3][-]{subsubsection.1.5.1}{\376\377\154\064\173\261\133\371\214\141\122\250\140\001\162\171\140\047\122\006\147\220}{subsection.1.5}% 10
\BOOKMARK [3][-]{subsubsection.1.5.2}{\376\377\127\372\116\216\123\125\133\271\154\064\173\261\155\262\117\115\166\204\174\373\176\337\152\041\127\213\217\250\213\306}{subsection.1.5}% 11
\BOOKMARK [2][-]{subsection.1.6}{\376\377\133\236\232\214\176\323\213\272}{section.1}% 12
\BOOKMARK [1][-]{section.2}{\376\377\133\236\232\214\116\214\377\032\000P\000I\000D\143\247\122\066\126\150\213\276\213\241\116\016\123\302\145\160\145\164\133\232}{}% 13
\BOOKMARK [2][-]{subsection.2.1}{\376\377\133\236\232\214\166\356\166\204}{section.2}% 14
\BOOKMARK [2][-]{subsection.2.2}{\376\377\133\236\232\214\133\371\214\141\116\313\176\315}{section.2}% 15
\BOOKMARK [2][-]{subsection.2.3}{\376\377\133\236\232\214\121\205\133\271}{section.2}% 16
\BOOKMARK [2][-]{subsection.2.4}{\376\377\000P\000I\000D\123\125\126\336\215\357\143\247\122\066\174\373\176\337\213\276\213\241}{section.2}% 17
\BOOKMARK [3][-]{subsubsection.2.4.1}{\376\377\000P\000I\000D\143\247\122\066\126\150\123\237\164\006\116\313\176\315}{subsection.2.4}% 18
\BOOKMARK [3][-]{subsubsection.2.4.2}{\376\377\116\073\154\064\173\261\155\262\117\115\123\125\126\336\215\357\143\247\122\066\174\373\176\337\213\276\213\241}{subsection.2.4}% 19
\BOOKMARK [2][-]{subsection.2.5}{\376\377\000P\000I\000D\123\302\145\160\145\164\133\232}{section.2}% 20
\BOOKMARK [3][-]{subsubsection.2.5.1}{\376\377\000P\000I\000D\123\302\145\160\145\164\133\232\145\271\154\325}{subsection.2.5}% 21
\BOOKMARK [3][-]{subsubsection.2.5.2}{\376\377\123\302\145\160\145\164\133\232\176\323\147\234}{subsection.2.5}% 22
\BOOKMARK [3][-]{subsubsection.2.5.3}{\376\377\143\247\122\066\145\110\147\234\134\125\171\072}{subsection.2.5}% 23
\BOOKMARK [2][-]{subsection.2.6}{\376\377\133\236\232\214\176\323\213\272}{section.2}% 24
\BOOKMARK [1][-]{section.3}{\376\377\133\236\232\214\116\011\377\032\116\062\176\247\143\247\122\066\174\373\176\337\213\276\213\241\116\016\122\006\147\220}{}% 25
\BOOKMARK [2][-]{subsection.3.1}{\376\377\133\236\232\214\166\356\166\204}{section.3}% 26
\BOOKMARK [2][-]{subsection.3.2}{\376\377\133\236\232\214\163\257\130\203\116\313\176\315}{section.3}% 27
\BOOKMARK [2][-]{subsection.3.3}{\376\377\133\236\232\214\121\205\133\271}{section.3}% 28
\BOOKMARK [2][-]{subsection.3.4}{\376\377\123\314\133\271\154\064\173\261\155\262\117\115\116\062\176\247\143\247\122\066\174\373\176\337\213\276\213\241}{section.3}% 29
\BOOKMARK [3][-]{subsubsection.3.4.1}{\376\377\116\062\176\247\143\247\122\066\174\373\176\337\173\200\116\313}{subsection.3.4}% 30
\BOOKMARK [3][-]{subsubsection.3.4.2}{\376\377\123\314\133\271\154\064\173\261\155\262\117\115\116\062\176\247\143\247\122\066\174\373\176\337\213\276\213\241}{subsection.3.4}% 31
\BOOKMARK [3][-]{subsubsection.3.4.3}{\376\377\116\062\176\247\143\247\122\066\174\373\176\337\123\302\145\160\145\164\133\232}{subsection.3.4}% 32
\BOOKMARK [3][-]{subsubsection.3.4.4}{\376\377\116\062\176\247\143\247\122\066\174\373\176\337\123\302\145\160\145\164\133\232\176\323\147\234}{subsection.3.4}% 33
\BOOKMARK [3][-]{subsubsection.3.4.5}{\376\377\143\247\122\066\145\110\147\234\134\125\171\072}{subsection.3.4}% 34
\BOOKMARK [2][-]{subsection.3.5}{\376\377\116\073\154\064\173\261\155\262\117\115\000-\155\101\221\317\116\062\176\247\143\247\122\066\174\373\176\337\213\276\213\241}{section.3}% 35
\BOOKMARK [3][-]{subsubsection.3.5.1}{\376\377\155\262\117\115\000-\155\101\221\317\116\062\176\247\143\247\122\066\174\373\176\337\213\276\213\241}{subsection.3.5}% 36
\BOOKMARK [3][-]{subsubsection.3.5.2}{\376\377\123\302\145\160\145\164\133\232\176\323\147\234}{subsection.3.5}% 37
\BOOKMARK [3][-]{subsubsection.3.5.3}{\376\377\143\247\122\066\145\110\147\234\134\125\171\072}{subsection.3.5}% 38
\BOOKMARK [2][-]{subsection.3.6}{\376\377\133\236\232\214\176\323\213\272}{section.3}% 39
