\BOOKMARK [1][-]{section.1}{\376\377\133\236\232\214\230\230\166\356}{}% 1
\BOOKMARK [1][-]{section.2}{\376\377\133\236\232\214\166\356\166\204}{}% 2
\BOOKMARK [1][-]{section.3}{\376\377\133\236\232\214\116\073\211\201\123\237\164\006}{}% 3
\BOOKMARK [2][-]{subsection.3.1}{\376\377\147\000\134\017\116\214\116\130\154\325\173\200\116\313}{section.3}% 4
\BOOKMARK [2][-]{subsection.3.2}{\376\377\116\000\202\054\147\000\134\017\116\214\116\130\154\325}{section.3}% 5
\BOOKMARK [2][-]{subsection.3.3}{\376\377\220\022\143\250\147\000\134\017\116\214\116\130\154\325}{section.3}% 6
\BOOKMARK [2][-]{subsection.3.4}{\376\377\130\236\136\177\220\022\143\250\147\000\134\017\116\214\116\130\154\325}{section.3}% 7
\BOOKMARK [1][-]{section.4}{\376\377\133\236\232\214\133\371\214\141\124\214\123\302\145\160}{}% 8
\BOOKMARK [1][-]{section.5}{\376\377\172\013\136\217\150\106\126\376}{}% 9
\BOOKMARK [2][-]{subsection.5.1}{\376\377\116\000\202\054\147\000\134\017\116\214\116\130\154\325\172\013\136\217\150\106\126\376}{section.5}% 10
\BOOKMARK [2][-]{subsection.5.2}{\376\377\220\022\143\250\147\000\134\017\116\214\116\130\154\325\172\013\136\217\150\106\126\376}{section.5}% 11
\BOOKMARK [2][-]{subsection.5.3}{\376\377\130\236\136\177\220\022\143\250\147\000\134\017\116\214\116\130\154\325\172\013\136\217\150\106\126\376}{section.5}% 12
\BOOKMARK [1][-]{section.6}{\376\377\172\013\136\217\116\343\170\001}{}% 13
\BOOKMARK [2][-]{subsection.6.1}{\376\377\116\000\202\054\147\000\134\017\116\214\116\130\154\325}{section.6}% 14
\BOOKMARK [2][-]{subsection.6.2}{\376\377\220\022\143\250\147\000\134\017\116\214\116\130\154\325}{section.6}% 15
\BOOKMARK [2][-]{subsection.6.3}{\376\377\130\236\136\177\147\000\134\017\116\214\116\130\154\325}{section.6}% 16
\BOOKMARK [1][-]{section.7}{\376\377\133\236\232\214\176\323\147\234\123\312\122\006\147\220}{}% 17
\BOOKMARK [2][-]{subsection.7.1}{\376\377\116\000\202\054\147\000\134\017\116\214\116\130\154\325}{section.7}% 18
\BOOKMARK [2][-]{subsection.7.2}{\376\377\220\022\143\250\147\000\134\017\116\214\116\130\154\325}{section.7}% 19
\BOOKMARK [2][-]{subsection.7.3}{\376\377\130\236\136\177\220\022\143\250\147\000\134\017\116\214\116\130\154\325}{section.7}% 20
\BOOKMARK [1][-]{section.8}{\376\377\176\323\213\272}{}% 21
\BOOKMARK [1][-]{section.1}{\376\377\133\236\232\214\230\230\166\356}{}% 22
\BOOKMARK [1][-]{section.2}{\376\377\133\236\232\214\166\356\166\204}{}% 23
\BOOKMARK [1][-]{section.3}{\376\377\133\236\232\214\116\073\211\201\123\237\164\006}{}% 24
\BOOKMARK [2][-]{subsection.3.1}{\376\377\147\201\131\047\117\074\161\066\123\302\145\160\117\060\213\241\123\237\164\006}{section.3}% 25
\BOOKMARK [2][-]{subsection.3.2}{\376\377\000N\000e\000w\000t\000o\000n\000-\000R\000a\000p\000h\000s\000o\000n\145\271\154\325\123\237\164\006}{section.3}% 26
\BOOKMARK [1][-]{section.4}{\376\377\133\236\232\214\133\371\214\141\142\026\123\302\145\160}{}% 27
\BOOKMARK [1][-]{section.5}{\376\377\172\013\136\217\150\106\126\376}{}% 28
\BOOKMARK [2][-]{subsection.5.1}{\376\377\220\022\143\250\166\204\147\201\131\047\117\074\161\066\123\302\145\160\117\060\213\241}{section.5}% 29
\BOOKMARK [2][-]{subsection.5.2}{\376\377\000N\000e\000w\000t\000o\000n\000-\000R\000a\000p\000h\000s\000o\000n\145\271\154\325}{section.5}% 30
\BOOKMARK [1][-]{section.6}{\376\377\172\013\136\217\116\343\170\001}{}% 31
\BOOKMARK [2][-]{subsection.6.1}{\376\377\220\022\143\250\166\204\147\201\131\047\117\074\161\066\123\302\145\160\117\060\213\241}{section.6}% 32
\BOOKMARK [2][-]{subsection.6.2}{\376\377\000N\000e\000w\000t\000o\000n\000-\000R\000a\000p\000h\000s\000o\000n\145\271\154\325}{section.6}% 33
\BOOKMARK [1][-]{section.7}{\376\377\133\236\232\214\176\323\147\234\123\312\122\006\147\220}{}% 34
\BOOKMARK [2][-]{subsection.7.1}{\376\377\220\022\143\250\166\204\147\201\131\047\117\074\161\066\123\302\145\160\117\060\213\241}{section.7}% 35
\BOOKMARK [2][-]{subsection.7.2}{\376\377\000N\000e\000w\000t\000o\000n\000-\000R\000a\000p\000h\000s\000o\000n\145\271\154\325}{section.7}% 36
\BOOKMARK [1][-]{section.8}{\376\377\176\323\213\272}{}% 37
