\BOOKMARK [1][-]{section.1}{\376\377\133\236\232\214\173\200\116\313}{}% 1
\BOOKMARK [2][-]{subsection.1.1}{\376\377\133\236\232\214\166\356\150\007}{section.1}% 2
\BOOKMARK [2][-]{subsection.1.2}{\376\377\133\236\232\214\121\205\133\271}{section.1}% 3
\BOOKMARK [2][-]{subsection.1.3}{\376\377\133\236\232\214\136\163\123\360}{section.1}% 4
\BOOKMARK [1][-]{section.2}{\376\377\174\373\176\337\152\041\127\213\220\350\122\006\133\236\232\214}{}% 5
\BOOKMARK [2][-]{subsection.2.1}{\376\377\133\236\232\214\166\356\150\007}{section.2}% 6
\BOOKMARK [2][-]{subsection.2.2}{\376\377\133\236\232\214\121\205\133\271\0001}{section.2}% 7
\BOOKMARK [3][-]{subsubsection.2.2.1}{\376\377\133\236\232\214\211\201\154\102}{subsection.2.2}% 8
\BOOKMARK [3][-]{subsubsection.2.2.2}{\376\377\133\236\232\214\172\013\136\217}{subsection.2.2}% 9
\BOOKMARK [3][-]{subsubsection.2.2.3}{\376\377\133\236\232\214\176\323\147\234}{subsection.2.2}% 10
\BOOKMARK [2][-]{subsection.2.3}{\376\377\133\236\232\214\121\205\133\271\0002}{section.2}% 11
\BOOKMARK [3][-]{subsubsection.2.3.1}{\376\377\133\236\232\214\211\201\154\102}{subsection.2.3}% 12
\BOOKMARK [3][-]{subsubsection.2.3.2}{\376\377\133\236\232\214\172\013\136\217}{subsection.2.3}% 13
\BOOKMARK [3][-]{subsubsection.2.3.3}{\376\377\133\236\232\214\176\323\147\234}{subsection.2.3}% 14
\BOOKMARK [2][-]{subsection.2.4}{\376\377\134\017\176\323}{section.2}% 15
\BOOKMARK [1][-]{section.3}{\376\377\174\373\176\337\122\006\147\220\220\350\122\006\133\236\232\214}{}% 16
\BOOKMARK [2][-]{subsection.3.1}{\376\377\133\236\232\214\166\356\150\007}{section.3}% 17
\BOOKMARK [2][-]{subsection.3.2}{\376\377\133\236\232\214\121\205\133\271\0001}{section.3}% 18
\BOOKMARK [3][-]{subsubsection.3.2.1}{\376\377\133\236\232\214\211\201\154\102}{subsection.3.2}% 19
\BOOKMARK [3][-]{subsubsection.3.2.2}{\376\377\133\236\232\214\172\013\136\217}{subsection.3.2}% 20
\BOOKMARK [3][-]{subsubsection.3.2.3}{\376\377\133\236\232\214\176\323\147\234}{subsection.3.2}% 21
\BOOKMARK [2][-]{subsection.3.3}{\376\377\133\236\232\214\121\205\133\271\0002}{section.3}% 22
\BOOKMARK [3][-]{subsubsection.3.3.1}{\376\377\133\236\232\214\211\201\154\102}{subsection.3.3}% 23
\BOOKMARK [3][-]{subsubsection.3.3.2}{\376\377\133\236\232\214\172\013\136\217}{subsection.3.3}% 24
\BOOKMARK [3][-]{subsubsection.3.3.3}{\376\377\133\236\232\214\176\323\147\234}{subsection.3.3}% 25
\BOOKMARK [2][-]{subsection.3.4}{\376\377\134\017\176\323}{section.3}% 26
\BOOKMARK [1][-]{section.4}{\376\377\174\373\176\337\213\276\213\241\220\350\122\006\133\236\232\214}{}% 27
\BOOKMARK [2][-]{subsection.4.1}{\376\377\133\236\232\214\166\356\150\007}{section.4}% 28
\BOOKMARK [2][-]{subsection.4.2}{\376\377\133\236\232\214\121\205\133\271\0001}{section.4}% 29
\BOOKMARK [3][-]{subsubsection.4.2.1}{\376\377\133\236\232\214\211\201\154\102}{subsection.4.2}% 30
\BOOKMARK [3][-]{subsubsection.4.2.2}{\376\377\133\236\232\214\172\013\136\217}{subsection.4.2}% 31
\BOOKMARK [3][-]{subsubsection.4.2.3}{\376\377\133\236\232\214\176\323\147\234}{subsection.4.2}% 32
\BOOKMARK [2][-]{subsection.4.3}{\376\377\133\236\232\214\121\205\133\271\0002}{section.4}% 33
\BOOKMARK [3][-]{subsubsection.4.3.1}{\376\377\133\236\232\214\211\201\154\102}{subsection.4.3}% 34
\BOOKMARK [3][-]{subsubsection.4.3.2}{\376\377\133\236\232\214\172\013\136\217}{subsection.4.3}% 35
\BOOKMARK [3][-]{subsubsection.4.3.3}{\376\377\133\236\232\214\176\323\147\234}{subsection.4.3}% 36
\BOOKMARK [2][-]{subsection.4.4}{\376\377\133\236\232\214\121\205\133\271\0003}{section.4}% 37
\BOOKMARK [3][-]{subsubsection.4.4.1}{\376\377\133\236\232\214\211\201\154\102}{subsection.4.4}% 38
\BOOKMARK [3][-]{subsubsection.4.4.2}{\376\377\133\236\232\214\172\013\136\217}{subsection.4.4}% 39
\BOOKMARK [3][-]{subsubsection.4.4.3}{\376\377\133\236\232\214\176\323\147\234}{subsection.4.4}% 40
\BOOKMARK [2][-]{subsection.4.5}{\376\377\134\017\176\323}{section.4}% 41
\BOOKMARK [1][-]{section.5}{\376\377\133\236\232\214\140\073\176\323\116\016\117\123\117\032}{}% 42
\BOOKMARK [2][-]{subsection.5.1}{\376\377\133\236\232\214\140\073\176\323}{section.5}% 43
\BOOKMARK [2][-]{subsection.5.2}{\376\377\133\236\232\214\117\123\117\032}{section.5}% 44
