\BOOKMARK [1][-]{section.1}{\376\377\133\236\116\140\166\356\150\007\060\001\116\373\122\241\173\200\217\360\116\016\122\006\135\345}{}% 1
\BOOKMARK [2][-]{subsection.1.1}{\376\377\133\236\116\140\166\356\150\007}{section.1}% 2
\BOOKMARK [2][-]{subsection.1.2}{\376\377\116\373\122\241\173\200\217\360}{section.1}% 3
\BOOKMARK [2][-]{subsection.1.3}{\376\377\116\052\116\272\122\006\135\345}{section.1}% 4
\BOOKMARK [1][-]{section.2}{\376\377\143\247\122\066\174\373\176\337\173\200\116\313}{}% 5
\BOOKMARK [2][-]{subsection.2.1}{\376\377\133\236\116\140\142\100\165\050\213\276\131\007\116\313\176\315}{section.2}% 6
\BOOKMARK [2][-]{subsection.2.2}{\376\377\174\373\176\337\000D\000C\000S\147\266\147\204\116\313\176\315}{section.2}% 7
\BOOKMARK [2][-]{subsection.2.3}{\376\377\174\373\176\337\176\323\147\204\176\304\142\020\116\016\165\065\154\024\123\237\164\006}{section.2}% 8
\BOOKMARK [3][-]{subsubsection.2.3.1}{\376\377\154\064\173\261\133\236\232\214\123\360}{subsection.2.3}% 9
\BOOKMARK [3][-]{subsubsection.2.3.2}{\376\377\000P\000L\000C\163\260\127\072\143\247\122\066\123\125\121\103}{subsection.2.3}% 10
\BOOKMARK [1][-]{section.3}{\376\377\127\372\116\216\123\125\133\271\154\064\173\261\155\262\117\115\166\204\174\373\176\337\152\041\127\213\217\250\213\306}{}% 11
\BOOKMARK [2][-]{subsection.3.1}{\376\377\133\371\214\141\162\171\140\047\122\006\147\220}{section.3}% 12
\BOOKMARK [2][-]{subsection.3.2}{\376\377\217\250\213\306\145\160\143\156\221\307\226\306}{section.3}% 13
\BOOKMARK [2][-]{subsection.3.3}{\376\377\127\372\116\216\000M\000A\000T\000L\000A\000B\174\373\176\337\217\250\213\306\135\345\121\167\173\261\217\333\210\114\154\064\173\261\174\373\176\337\217\250\213\306}{section.3}% 14
\BOOKMARK [2][-]{subsection.3.4}{\376\377\154\064\173\261\174\373\176\337\217\250\213\306\176\323\147\234}{section.3}% 15
\BOOKMARK [2][-]{subsection.3.5}{\376\377\206\132\142\337\000P\000I\000D\214\003\213\325}{section.3}% 16
\BOOKMARK [1][-]{section.4}{\376\377\143\247\122\066\174\373\176\337\213\276\213\241\123\312\217\320\210\114\176\323\147\234}{}% 17
\BOOKMARK [2][-]{subsection.4.1}{\376\377\116\073\154\064\173\261\155\262\117\115\123\125\126\336\215\357\143\247\122\066\174\373\176\337\213\276\213\241\377\010\127\372\116\216\000P\000I\000D\152\041\127\127\377\011}{section.4}% 18
\BOOKMARK [3][-]{subsubsection.4.1.1}{\376\377\143\247\122\066\174\373\176\337\213\276\213\241}{subsection.4.1}% 19
\BOOKMARK [3][-]{subsubsection.4.1.2}{\376\377\172\013\136\217\213\276\213\241}{subsection.4.1}% 20
\BOOKMARK [3][-]{subsubsection.4.1.3}{\376\377\143\247\122\066\145\110\147\234\134\125\171\072}{subsection.4.1}% 21
\BOOKMARK [2][-]{subsection.4.2}{\376\377\116\073\154\064\173\261\155\262\117\115\123\125\126\336\215\357\143\247\122\066\174\373\176\337\213\276\213\241\377\010\127\372\116\216\201\352\210\114\213\276\213\241\166\204\000P\000I\000D\377\011}{section.4}% 22
\BOOKMARK [3][-]{subsubsection.4.2.1}{\376\377\130\236\221\317\137\017\000P\000I\000D\143\247\122\066\126\150\213\276\213\241}{subsection.4.2}% 23
\BOOKMARK [3][-]{subsubsection.4.2.2}{\376\377\172\013\136\217\213\276\213\241}{subsection.4.2}% 24
\BOOKMARK [3][-]{subsubsection.4.2.3}{\376\377\217\320\210\114\176\323\147\234}{subsection.4.2}% 25
\BOOKMARK [2][-]{subsection.4.3}{\376\377\116\073\154\064\173\261\155\262\117\115\000-\155\101\221\317\116\062\176\247\143\247\122\066\174\373\176\337\213\276\213\241\377\010\127\372\116\216\000P\000I\000D\152\041\127\127\377\011}{section.4}% 26
\BOOKMARK [3][-]{subsubsection.4.3.1}{\376\377\143\247\122\066\174\373\176\337\213\276\213\241}{subsection.4.3}% 27
\BOOKMARK [3][-]{subsubsection.4.3.2}{\376\377\172\013\136\217\213\276\213\241}{subsection.4.3}% 28
\BOOKMARK [3][-]{subsubsection.4.3.3}{\376\377\143\247\122\066\145\110\147\234\134\125\171\072}{subsection.4.3}% 29
\BOOKMARK [2][-]{subsection.4.4}{\376\377\116\073\154\064\173\261\155\262\117\115\000-\155\101\221\317\116\062\176\247\143\247\122\066\174\373\176\337\213\276\213\241\377\010\127\372\116\216\201\352\210\114\213\276\213\241\166\204\000P\000I\000D\377\011}{section.4}% 30
\BOOKMARK [3][-]{subsubsection.4.4.1}{\376\377\143\247\122\066\174\373\176\337\213\276\213\241}{subsection.4.4}% 31
\BOOKMARK [3][-]{subsubsection.4.4.2}{\376\377\172\013\136\217\213\276\213\241}{subsection.4.4}% 32
\BOOKMARK [3][-]{subsubsection.4.4.3}{\376\377\217\320\210\114\176\323\147\234}{subsection.4.4}% 33
\BOOKMARK [2][-]{subsection.4.5}{\376\377\116\073\000-\122\157\154\064\173\261\155\262\117\115\123\314\225\355\163\257\153\324\120\074\143\247\122\066\174\373\176\337\213\276\213\241}{section.4}% 34
\BOOKMARK [3][-]{subsubsection.4.5.1}{\376\377\143\247\122\066\174\373\176\337\213\276\213\241}{subsection.4.5}% 35
\BOOKMARK [3][-]{subsubsection.4.5.2}{\376\377\172\013\136\217\213\276\213\241}{subsection.4.5}% 36
\BOOKMARK [3][-]{subsubsection.4.5.3}{\376\377\143\247\122\066\145\110\147\234\134\125\171\072}{subsection.4.5}% 37
\BOOKMARK [2][-]{subsection.4.6}{\376\377\123\314\133\271\154\064\173\261\155\262\117\115\116\062\176\247\143\247\122\066\174\373\176\337\213\276\213\241}{section.4}% 38
\BOOKMARK [3][-]{subsubsection.4.6.1}{\376\377\143\247\122\066\174\373\176\337\213\276\213\241}{subsection.4.6}% 39
\BOOKMARK [3][-]{subsubsection.4.6.2}{\376\377\172\013\136\217\213\276\213\241}{subsection.4.6}% 40
\BOOKMARK [3][-]{subsubsection.4.6.3}{\376\377\143\247\122\066\145\110\147\234\134\125\171\072}{subsection.4.6}% 41
\BOOKMARK [2][-]{subsection.4.7}{\376\377\224\210\133\371\155\101\221\317\136\162\142\160\166\204\122\115\231\210\000-\123\315\231\210\143\247\122\066\174\373\176\337\213\276\213\241}{section.4}% 42
\BOOKMARK [3][-]{subsubsection.4.7.1}{\376\377\143\247\122\066\174\373\176\337\213\276\213\241}{subsection.4.7}% 43
\BOOKMARK [3][-]{subsubsection.4.7.2}{\376\377\172\013\136\217\213\276\213\241}{subsection.4.7}% 44
\BOOKMARK [3][-]{subsubsection.4.7.3}{\376\377\143\247\122\066\145\110\147\234\134\125\171\072}{subsection.4.7}% 45
\BOOKMARK [1][-]{section.5}{\376\377\000H\000M\000I\116\244\116\222\165\114\227\142\213\276\213\241}{}% 46
\BOOKMARK [2][-]{subsection.5.1}{\376\377\122\033\136\372\145\260\230\171\166\356}{section.5}% 47
\BOOKMARK [2][-]{subsection.5.2}{\376\377\116\073\165\114\227\142\213\276\213\241}{section.5}% 48
\BOOKMARK [3][-]{subsubsection.5.2.1}{\376\377\166\173\137\125\165\114\227\142\213\276\213\241}{subsection.5.2}% 49
\BOOKMARK [3][-]{subsubsection.5.2.2}{\376\377\165\050\142\067\165\114\227\142\213\276\213\241}{subsection.5.2}% 50
\BOOKMARK [3][-]{subsubsection.5.2.3}{\376\377\174\373\176\337\217\320\210\114\133\236\117\213}{subsection.5.2}% 51
\BOOKMARK [2][-]{subsection.5.3}{\376\377\145\160\143\156\131\004\164\006\116\016\217\154\143\142}{section.5}% 52
\BOOKMARK [2][-]{subsection.5.4}{\376\377\177\026\213\321\116\016\116\013\217\175}{section.5}% 53
\BOOKMARK [1][-]{section.6}{\376\377\133\236\116\140\137\303\137\227\116\016\117\123\117\032}{}% 54
