\BOOKMARK [1][-]{section.1}{\376\377\133\236\116\140\166\356\166\204\116\016\211\201\154\102}{}% 1
\BOOKMARK [2][-]{subsection.1.1}{\376\377\133\236\116\140\166\356\166\204}{section.1}% 2
\BOOKMARK [2][-]{subsection.1.2}{\376\377\133\236\116\140\211\201\154\102}{section.1}% 3
\BOOKMARK [2][-]{subsection.1.3}{\376\377\122\006\135\345}{section.1}% 4
\BOOKMARK [1][-]{section.2}{\376\377\174\373\176\337\116\313\176\315}{}% 5
\BOOKMARK [2][-]{subsection.2.1}{\376\377\174\373\176\337\176\323\147\204}{section.2}% 6
\BOOKMARK [2][-]{subsection.2.2}{\376\377\127\060\133\146\206\132\142\337\116\352\126\150\377\032\165\065\154\325\155\113\221\317\127\372\147\054\123\237\164\006}{section.2}% 7
\BOOKMARK [1][-]{section.3}{\376\377\170\154\116\366\122\237\200\375\152\041\127\127\213\276\213\241}{}% 8
\BOOKMARK [2][-]{subsection.3.1}{\376\377\226\224\171\273\165\065\215\357}{section.3}% 9
\BOOKMARK [2][-]{subsection.3.2}{\376\377\000M\000O\000S\000F\000E\000T\232\161\122\250\165\065\215\357}{section.3}% 10
\BOOKMARK [2][-]{subsection.3.3}{\376\377\121\150\150\145\232\161\122\250\165\065\215\357}{section.3}% 11
\BOOKMARK [2][-]{subsection.3.4}{\376\377\117\233\165\065\165\065\215\357}{section.3}% 12
\BOOKMARK [1][-]{section.4}{\376\377\217\157\116\366\122\237\200\375\152\041\127\127\213\276\213\241}{}% 13
\BOOKMARK [2][-]{subsection.4.1}{\376\377\123\125\162\107\147\072\133\236\232\214\136\163\123\360\116\313\176\315}{section.4}% 14
\BOOKMARK [2][-]{subsection.4.2}{\376\377\117\341\123\367\154\342\137\142\123\321\165\037}{section.4}% 15
\BOOKMARK [3][-]{subsubsection.4.2.1}{\376\377\123\237\164\006\116\313\176\315}{subsection.4.2}% 16
\BOOKMARK [3][-]{subsubsection.4.2.2}{\376\377\133\236\232\214\136\163\123\360\144\055\136\372}{subsection.4.2}% 17
\BOOKMARK [3][-]{subsubsection.4.2.3}{\376\377\133\236\232\214\172\013\136\217\150\106\126\376}{subsection.4.2}% 18
\BOOKMARK [2][-]{subsection.4.3}{\376\377\000A\000D\000C\145\160\143\156\116\012\117\040}{section.4}% 19
\BOOKMARK [3][-]{subsubsection.4.3.1}{\376\377\123\237\164\006\116\313\176\315}{subsection.4.3}% 20
\BOOKMARK [3][-]{subsubsection.4.3.2}{\376\377\133\236\232\214\136\163\123\360\144\055\136\372}{subsection.4.3}% 21
\BOOKMARK [3][-]{subsubsection.4.3.3}{\376\377\133\236\232\214\172\013\136\217\150\106\126\376}{subsection.4.3}% 22
\BOOKMARK [1][-]{section.5}{\376\377\127\372\116\216\000L\000a\000b\000V\000I\000E\000W\166\204\116\012\117\115\147\072\174\373\176\337}{}% 23
\BOOKMARK [2][-]{subsection.5.1}{\376\377\165\114\227\142\213\276\213\241\123\312\122\237\200\375\116\313\176\315}{section.5}% 24
\BOOKMARK [3][-]{subsubsection.5.1.1}{\376\377\127\060\133\146\206\132\142\337\116\352\126\150\123\321\134\004\152\041\127\127}{subsection.5.1}% 25
\BOOKMARK [3][-]{subsubsection.5.1.2}{\376\377\127\060\133\146\206\132\142\337\116\352\126\150\221\307\226\306\152\041\127\127}{subsection.5.1}% 26
\BOOKMARK [2][-]{subsection.5.2}{\376\377\000L\000a\000b\000V\000I\000E\000W\172\013\136\217\213\276\213\241}{section.5}% 27
\BOOKMARK [3][-]{subsubsection.5.2.1}{\376\377\221\307\226\306\152\041\127\127\166\204\133\236\163\260}{subsection.5.2}% 28
\BOOKMARK [3][-]{subsubsection.5.2.2}{\376\377\123\321\134\004\152\041\127\127\166\204\133\236\163\260}{subsection.5.2}% 29
\BOOKMARK [3][-]{subsubsection.5.2.3}{\376\377\116\073\165\114\227\142\166\204\133\236\163\260}{subsection.5.2}% 30
\BOOKMARK [1][-]{section.6}{\376\377\133\236\116\140\140\073\176\323\116\016\137\303\137\227}{}% 31
\BOOKMARK [2][-]{subsection.6.1}{\376\377\133\236\116\140\140\073\176\323}{section.6}% 32
\BOOKMARK [2][-]{subsection.6.2}{\376\377\137\303\137\227\116\016\117\123\117\032}{section.6}% 33
