\BOOKMARK [1][-]{section.1}{\376\377\213\376\172\013\213\276\213\241\151\202\217\360}{}% 1
\BOOKMARK [2][-]{subsection.1.1}{\376\377\213\276\213\241\166\356\166\204}{section.1}% 2
\BOOKMARK [2][-]{subsection.1.2}{\376\377\213\276\213\241\121\205\133\271}{section.1}% 3
\BOOKMARK [2][-]{subsection.1.3}{\376\377\123\302\200\003\215\104\145\231}{section.1}% 4
\BOOKMARK [1][-]{section.2}{\376\377\213\276\213\241\116\000\377\032\123\125\176\247\120\022\172\313\144\106\174\373\176\337}{}% 5
\BOOKMARK [2][-]{subsection.2.1}{\376\377\116\373\122\241\151\202\217\360}{section.2}% 6
\BOOKMARK [2][-]{subsection.2.2}{\376\377\174\373\176\337\152\041\127\213}{section.2}% 7
\BOOKMARK [3][-]{subsubsection.2.2.1}{\376\377\140\305\130\203\120\107\213\276}{subsection.2.2}% 8
\BOOKMARK [3][-]{subsubsection.2.2.2}{\376\377\147\072\164\006\227\136\176\277\140\047\152\041\127\213\166\204\136\372\172\313}{subsection.2.2}% 9
\BOOKMARK [3][-]{subsubsection.2.2.3}{\376\377\173\200\123\026\176\277\140\047\152\041\127\213\166\204\136\372\172\313}{subsection.2.2}% 10
\BOOKMARK [2][-]{subsection.2.3}{\376\377\174\373\176\337\122\006\147\220}{section.2}% 11
\BOOKMARK [3][-]{subsubsection.2.3.1}{\376\377\174\373\176\337\124\315\136\224\122\006\147\220}{subsection.2.3}% 12
\BOOKMARK [3][-]{subsubsection.2.3.2}{\376\377\174\373\176\337\172\063\133\232\140\047\116\016\140\047\200\375\122\006\147\220}{subsection.2.3}% 13
\BOOKMARK [3][-]{subsubsection.2.3.3}{\376\377\200\375\143\247\140\047\116\016\200\375\211\302\140\047\122\006\147\220}{subsection.2.3}% 14
\BOOKMARK [2][-]{subsection.2.4}{\376\377\174\373\176\337\213\276\213\241\116\016\232\214\213\301}{section.2}% 15
\BOOKMARK [3][-]{subsubsection.2.4.1}{\376\377\116\373\122\241\0001\377\032\144\106\147\106\121\372\163\260\137\256\134\017\120\117\135\356\124\016\131\015\117\115\377\010\225\107\133\232\143\247\122\066\126\150\377\011}{subsection.2.4}% 16
\BOOKMARK [3][-]{subsubsection.2.4.2}{\376\377\116\373\122\241\0002\377\032\133\236\163\260\144\106\147\106\116\316\000A\160\271\122\060\000B\160\271\377\010\215\337\216\052\226\066\215\303\117\115\171\373\117\341\123\367\377\011}{subsection.2.4}% 17
\BOOKMARK [1][-]{section.3}{\376\377\213\276\213\241\116\214\377\032\205\041\154\017\155\367\154\214\165\065\215\357}{}% 18
\BOOKMARK [2][-]{subsection.3.1}{\376\377\116\373\122\241\151\202\217\360}{section.3}% 19
\BOOKMARK [2][-]{subsection.3.2}{\376\377\152\041\127\213\116\016\122\006\147\220}{section.3}% 20
\BOOKMARK [3][-]{subsubsection.3.2.1}{\376\377\174\373\176\337\152\041\127\213\136\372\172\313}{subsection.3.2}% 21
\BOOKMARK [3][-]{subsubsection.3.2.2}{\376\377\174\373\176\337\124\315\136\224\122\006\147\220}{subsection.3.2}% 22
\BOOKMARK [2][-]{subsection.3.3}{\376\377\124\014\153\145\213\276\213\241\116\016\232\214\213\301}{section.3}% 23
\BOOKMARK [3][-]{subsubsection.3.3.1}{\376\377\124\014\153\145\143\247\122\066\213\276\213\241\147\141\116\366\122\006\147\220}{subsection.3.3}% 24
\BOOKMARK [2][-]{subsection.3.4}{\376\377\124\014\153\145\145\110\147\234\116\377\167\037\232\214\213\301}{section.3}% 25
\BOOKMARK [2][-]{subsection.3.5}{\376\377\117\335\133\306\220\032\117\341\136\224\165\050}{section.3}% 26
\BOOKMARK [1][-]{section.4}{\376\377\137\303\137\227\116\016\117\123\117\032}{}% 27
\BOOKMARK [1][-]{section.5}{\376\377\226\104\137\125}{}% 28
