\BOOKMARK [1][-]{section.1}{\376\377\173\054\116\000\220\350\122\006\377\032\000J\000e\000t\000s\000o\000n\000\040\000N\000a\000n\000o\137\000\123\321\147\177\166\204\143\242\175\042}{}% 1
\BOOKMARK [2][-]{subsection.1.1}{\376\377\000J\000e\000t\000s\000o\000n\000\040\000N\000a\000n\000o\137\000\123\321\147\177\170\154\116\366\116\016\217\157\116\366\152\041\127\127\166\204\143\242\175\042}{section.1}% 2
\BOOKMARK [3][-]{subsubsection.1.1.1}{\376\377\000L\000i\000n\000u\000x\144\315\117\134\174\373\176\337\000U\000b\000u\000n\000t\000u\166\204\161\237\140\211\117\177\165\050}{subsection.1.1}% 3
\BOOKMARK [3][-]{subsubsection.1.1.2}{\376\377\000A\000I\211\306\211\311\173\227\154\325}{subsection.1.1}% 4
\BOOKMARK [3][-]{subsubsection.1.1.3}{\376\377\170\154\116\366\220\350\116\366}{subsection.1.1}% 5
\BOOKMARK [2][-]{subsection.1.2}{\376\377\133\236\116\140\137\303\137\227}{section.1}% 6
\BOOKMARK [3][-]{subsubsection.1.2.1}{\376\377\220\107\122\060\225\356\230\230\123\312\211\343\121\263}{subsection.1.2}% 7
\BOOKMARK [3][-]{subsubsection.1.2.2}{\376\377\145\066\203\267\116\016\141\037\140\363}{subsection.1.2}% 8
\BOOKMARK [2][-]{subsection.1.3}{\376\377\140\035\200\003\136\166\126\336\173\124\116\345\116\013\225\356\230\230}{section.1}% 9
\BOOKMARK [3][-]{subsubsection.1.3.1}{\376\377\000J\000e\000t\000s\000o\000n\000\040\000N\000a\000n\000o\217\331\131\127\147\177\133\120\116\016\133\236\232\214\142\100\165\050\166\204\147\177\133\120\166\204\137\002\124\014\147\011\124\352\116\233\377\037}{subsection.1.3}% 10
\BOOKMARK [3][-]{subsubsection.1.3.2}{\376\377\147\054\137\000\123\321\147\177\127\372\116\216\000L\000i\000n\000u\000x\116\113\116\012\137\000\123\321\000A\000I\173\227\154\325\377\014\133\371\136\225\134\102\170\154\116\366\227\000\211\201\116\206\211\343\124\027\377\037}{subsection.1.3}% 11
\BOOKMARK [3][-]{subsubsection.1.3.3}{\376\377\131\202\147\234\122\115\147\037\133\371\000A\000R\000M\170\154\116\366\147\011\116\000\133\232\166\204\116\206\211\343\377\014\133\371\000L\000i\000n\000u\000x\116\113\116\012\166\204\137\000\123\321\147\011\136\056\122\251\124\027\377\037\136\056\122\251\127\050\124\352\221\314\377\037}{subsection.1.3}% 12
\BOOKMARK [1][-]{section.2}{\376\377\173\054\116\214\220\350\122\006\377\032\135\114\121\145\137\017\174\373\176\337\213\276\213\241\123\312\133\236\163\260\040\023\127\372\116\216\116\272\201\070\213\306\122\053\166\204\146\172\200\375\225\350\225\001\116\016\166\321\143\247\174\373\176\337}{}% 13
\BOOKMARK [2][-]{subsection.2.1}{\376\377\174\373\176\337\213\276\213\241\123\312\133\236\163\260}{section.2}% 14
\BOOKMARK [3][-]{subsubsection.2.1.1}{\376\377\174\373\176\337\116\313\176\315}{subsection.2.1}% 15
\BOOKMARK [3][-]{subsubsection.2.1.2}{\376\377\174\373\176\337\133\236\163\260}{subsection.2.1}% 16
\BOOKMARK [3][-]{subsubsection.2.1.3}{\376\377\155\113\213\325\145\110\147\234\134\125\171\072}{subsection.2.1}% 17
\BOOKMARK [2][-]{subsection.2.2}{\376\377\133\236\116\140\137\303\137\227}{section.2}% 18
\BOOKMARK [3][-]{subsubsection.2.2.1}{\376\377\220\107\122\060\225\356\230\230\123\312\211\343\121\263}{subsection.2.2}% 19
\BOOKMARK [3][-]{subsubsection.2.2.2}{\376\377\145\066\203\267\116\016\141\037\140\363}{subsection.2.2}% 20
\BOOKMARK [2][-]{subsection.2.3}{\376\377\140\035\200\003\116\345\116\013\225\356\230\230\136\166\126\336\173\124}{section.2}% 21
\BOOKMARK [3][-]{subsubsection.2.3.1}{\376\377\117\140\141\037\211\311\137\000\123\321\147\177\116\016\135\114\121\145\137\017\213\376\172\013\166\204\200\124\174\373\147\011\124\352\116\233\377\037}{subsection.2.3}% 22
\BOOKMARK [3][-]{subsubsection.2.3.2}{\376\377\000J\000e\000t\000s\000o\000n\000\040\000N\000a\000n\000o\146\057\124\046\220\002\124\010\142\377\147\145\117\134\116\072\133\236\116\140\165\050\377\037\116\072\116\300\116\110\377\037}{subsection.2.3}% 23
\BOOKMARK [3][-]{subsubsection.2.3.3}{\376\377\147\011\124\352\116\233\121\205\133\271\146\057\117\140\136\014\147\033\200\001\136\010\127\050\213\376\130\002\116\012\145\131\143\210\166\204\377\037}{subsection.2.3}% 24
\BOOKMARK [3][-]{subsubsection.2.3.4}{\376\377\147\011\124\352\116\233\121\205\133\271\146\057\133\236\116\140\176\323\147\137\124\016\377\014\117\140\140\363\211\201\137\004\146\016\166\175\200\014\154\241\147\011\137\004\146\016\166\175\166\204\377\037}{subsection.2.3}% 25
\BOOKMARK [3][-]{subsubsection.2.3.5}{\376\377\131\202\147\234\221\307\176\263\217\331\116\052\137\000\123\321\147\177\117\134\116\072\133\236\116\140\147\177\377\014\117\140\211\311\137\227\217\330\227\000\211\201\130\236\122\240\124\352\116\233\133\236\116\140\121\205\133\271\377\037}{subsection.2.3}% 26
\BOOKMARK [3][-]{subsubsection.2.3.6}{\376\377\117\140\211\311\137\227\224\210\133\371\217\331\116\052\137\000\123\321\147\177\377\014\136\014\147\033\200\001\136\010\116\354\200\375\131\037\143\320\117\233\140\016\150\067\166\204\145\057\143\001\377\037}{subsection.2.3}% 27
\BOOKMARK [1][-]{section.3}{\376\377\133\236\116\140\141\017\211\301\136\372\213\256}{}% 28
