\BOOKMARK [1][-]{section.1}{\376\377\121\205\133\271\116\313\176\315}{}% 1
\BOOKMARK [1][-]{section.2}{\376\377\170\024\172\166\200\314\146\157\116\016\170\024\172\166\122\250\147\072}{}% 2
\BOOKMARK [1][-]{section.3}{\376\377\170\024\172\166\121\205\133\271}{}% 3
\BOOKMARK [2][-]{subsection.3.1}{\376\377\165\065\161\224\225\101\170\002\161\224\160\274\217\307\172\013\116\055\166\204\165\065\147\201\165\065\155\101\143\247\122\066}{section.3}% 4
\BOOKMARK [3][-]{subsubsection.3.1.1}{\376\377\165\065\161\224\225\101\170\002\161\224\160\274\217\307\172\013\173\200\116\313}{subsection.3.1}% 5
\BOOKMARK [3][-]{subsubsection.3.1.2}{\376\377\135\345\202\172\217\307\172\013\122\006\147\220}{subsection.3.1}% 6
\BOOKMARK [3][-]{subsubsection.3.1.3}{\376\377\143\247\122\066\133\371\214\141\162\171\140\047\122\006\147\220\116\016\136\372\152\041}{subsection.3.1}% 7
\BOOKMARK [2][-]{subsection.3.2}{\376\377\136\046\217\223\121\372\210\145\120\177\166\204\000P\000I\000D\143\247\122\066\145\271\154\325}{section.3}% 8
\BOOKMARK [3][-]{subsubsection.3.2.1}{\376\377\136\046\217\223\121\372\210\145\120\177\166\204\000P\000I\000D\143\247\122\066\173\227\154\325\123\237\164\006\173\200\116\313}{subsection.3.2}% 9
\BOOKMARK [3][-]{subsubsection.3.2.2}{\376\377\136\046\217\223\121\372\210\145\120\177\166\204\000P\000I\000D\143\247\122\066\173\227\154\325\133\236\163\260\153\145\232\244}{subsection.3.2}% 10
\BOOKMARK [2][-]{subsection.3.3}{\376\377\127\372\116\216\210\145\120\177\143\247\122\066\166\204\201\352\220\002\136\224\152\041\127\213\230\204\155\113\143\247\122\066\174\373\176\337\213\276\213\241}{section.3}% 11
\BOOKMARK [3][-]{subsubsection.3.3.1}{\376\377\170\024\172\166\133\371\214\141}{subsection.3.3}% 12
\BOOKMARK [3][-]{subsubsection.3.3.2}{\376\377\127\372\116\216\232\330\226\066\211\302\155\113\126\150\166\204\142\225\137\161\173\227\154\325}{subsection.3.3}% 13
\BOOKMARK [3][-]{subsubsection.3.3.3}{\376\377\210\145\120\177\143\247\122\066\116\016\000M\000P\000C\117\030\123\026\225\356\230\230}{subsection.3.3}% 14
\BOOKMARK [3][-]{subsubsection.3.3.4}{\376\377\127\372\116\216\210\145\120\177\143\247\122\066\166\204\201\352\220\002\136\224\000M\000P\000C\173\227\154\325\213\276\213\241\153\145\232\244}{subsection.3.3}% 15
\BOOKMARK [1][-]{section.4}{\376\377\176\323\147\234\131\015\163\260}{}% 16
\BOOKMARK [2][-]{subsection.4.1}{\376\377\127\372\116\216\136\046\217\223\121\372\210\145\120\177\166\204\000P\000I\000D\143\247\122\066\173\227\154\325\166\204\116\377\167\037\232\214\213\301}{section.4}% 17
\BOOKMARK [3][-]{subsubsection.4.1.1}{\376\377\210\253\143\247\133\371\214\141\116\377\167\037\152\041\127\213}{subsection.4.1}% 18
\BOOKMARK [3][-]{subsubsection.4.1.2}{\376\377\143\247\122\066\126\150\123\302\145\160\213\276\133\232}{subsection.4.1}% 19
\BOOKMARK [3][-]{subsubsection.4.1.3}{\376\377\116\377\167\037\176\323\147\234\124\214\122\006\147\220}{subsection.4.1}% 20
\BOOKMARK [2][-]{subsection.4.2}{\376\377\127\372\116\216\210\145\120\177\143\247\122\066\166\204\201\352\220\002\136\224\000M\000P\000C\173\227\154\325\166\204\116\377\167\037\232\214\213\301}{section.4}% 21
\BOOKMARK [3][-]{subsubsection.4.2.1}{\376\377\210\253\143\247\133\371\214\141\116\377\167\037\152\041\127\213\116\016\123\302\145\160\213\276\133\232}{subsection.4.2}% 22
\BOOKMARK [3][-]{subsubsection.4.2.2}{\376\377\116\377\167\037\176\323\147\234}{subsection.4.2}% 23
\BOOKMARK [1][-]{section.5}{\376\377\145\071\217\333}{}% 24
