\BOOKMARK [1][-]{section.1}{\376\377\173\054\116\000\173\307\000\040\000W\000i\000n\000d\000o\000w\000s\163\257\130\203\116\013\210\370\147\072\137\000\123\321\133\236\232\214}{}% 1
\BOOKMARK [2][-]{subsection.1.1}{\376\377\133\236\232\214\116\214\377\032\000A\000R\000M\154\107\177\026\172\013\136\217\213\276\213\241}{section.1}% 2
\BOOKMARK [2][-]{subsection.1.2}{\376\377\133\236\232\214\116\011\377\032\000A\000R\000M\154\107\177\026\116\016\000C\155\367\124\010\177\026\172\013}{section.1}% 3
\BOOKMARK [2][-]{subsection.1.3}{\376\377\133\236\232\214\126\333\377\032\000A\000R\000M\116\055\145\255\133\236\232\214}{section.1}% 4
\BOOKMARK [2][-]{subsection.1.4}{\376\377\140\035\200\003\230\230}{section.1}% 5
\BOOKMARK [3][-]{subsubsection.1.4.1}{\376\377\127\050\135\114\121\145\137\017\174\373\176\337\177\026\172\013\137\123\116\055\377\014\154\107\177\026\213\355\212\000\124\214\000C\213\355\212\000\122\006\122\053\147\011\116\300\116\110\117\030\122\277\377\037\146\057\124\046\123\357\116\345\133\214\121\150\144\110\137\003\121\166\116\055\116\000\171\315\213\355\212\000\377\037\116\072\116\300\116\110\377\037}{subsection.1.4}% 6
\BOOKMARK [3][-]{subsubsection.1.4.2}{\376\377\000A\000R\000M\154\107\177\026\214\003\165\050\000C\213\355\212\000\116\345\123\312\000C\213\355\212\000\214\003\165\050\000A\000R\000M\154\107\177\026\145\366\377\014\131\202\117\125\117\040\220\022\123\302\145\160\377\037\133\236\232\214\116\214\060\001\116\011\172\013\136\217\116\055\123\302\145\160\146\057\131\202\117\125\117\040\220\022\166\204\377\037}{subsection.1.4}% 7
\BOOKMARK [3][-]{subsubsection.1.4.3}{\376\377\000C\213\355\212\000\124\214\154\107\177\026\213\355\212\000\116\055\146\057\131\202\117\125\144\315\117\134\133\304\133\130\126\150\166\204\377\037}{subsection.1.4}% 8
\BOOKMARK [3][-]{subsubsection.1.4.4}{\376\377\153\324\217\203\133\236\232\214\116\214\060\001\116\011\124\214\126\333\116\055\000A\000D\000S\116\013\166\204\135\345\172\013\213\276\177\156\147\011\117\125\137\002\124\014\377\014\136\166\122\006\147\220\121\166\164\006\165\061\060\002}{subsection.1.4}% 9
\BOOKMARK [3][-]{subsubsection.1.4.5}{\376\377\127\050\116\055\145\255\133\236\232\214\116\055\116\072\116\300\116\110\211\201\142\212\123\357\142\147\210\114\172\013\136\217\116\013\217\175\122\060\000N\000A\000N\000D\000\040\000F\000L\000A\000S\000H\116\055\217\320\210\114\377\014\200\014\116\015\146\057\166\364\143\245\116\013\217\175\122\060\000S\000D\000R\000A\000M\116\055\217\320\210\114\377\037\131\202\147\234\166\364\143\245\116\013\217\175\122\060\000S\000D\000R\000A\000M\116\055\217\320\210\114\117\032\123\321\165\037\116\300\116\110\140\305\121\265\377\037}{subsection.1.4}% 10
\BOOKMARK [3][-]{subsubsection.1.4.6}{\376\377\176\323\124\010\133\236\232\214\377\014\123\331\217\360\000N\000A\000N\000D\000\040\000F\000L\000A\000S\000H\124\057\122\250\166\204\155\101\172\013\060\002}{subsection.1.4}% 11
\BOOKMARK [2][-]{subsection.1.5}{\376\377\117\123\117\032\124\214\136\372\213\256}{section.1}% 12
\BOOKMARK [1][-]{section.2}{\376\377\173\054\116\214\060\001\116\011\173\307\000\040\000L\000i\000n\000u\000x\163\257\130\203\116\013\210\370\147\072\137\000\123\321\133\236\232\214}{}% 13
\BOOKMARK [2][-]{subsection.2.1}{\376\377\176\323\124\010\133\236\232\214\116\224\377\014\213\364\213\364\117\140\142\100\164\006\211\343\166\204\000L\000i\000n\000u\000x\144\315\117\134\174\373\176\337}{section.2}% 14
\BOOKMARK [2][-]{subsection.2.2}{\376\377\122\027\121\372\117\140\127\050\133\236\232\214\121\155\116\055\142\147\210\114\166\204\116\000\116\233\136\070\211\304\124\175\116\344\377\014\176\331\121\372\213\345\210\114\124\175\116\344\166\204\122\237\200\375\211\343\221\312\377\014\136\166\226\104\116\012\124\175\116\344\210\114\142\147\210\114\142\052\126\376}{section.2}% 15
\BOOKMARK [2][-]{subsection.2.3}{\376\377\122\027\121\372\133\236\232\214\121\155\060\001\133\236\232\214\121\153\166\204\133\236\232\214\217\307\172\013\377\014\177\026\121\231\136\166\177\026\213\321\201\352\135\361\166\204\173\054\116\000\116\052\000C\172\013\136\217\377\010\170\154\116\366\145\340\121\163\377\011\377\014\136\166\226\104\133\236\232\214\142\052\126\376}{section.2}% 16
\BOOKMARK [2][-]{subsection.2.4}{\376\377\122\027\121\372\133\236\232\214\116\135\060\001\123\101\166\204\133\236\232\214\217\307\172\013\377\014\136\166\226\104\133\236\232\214\142\052\126\376}{section.2}% 17
\BOOKMARK [2][-]{subsection.2.5}{\376\377\140\035\200\003\230\230}{section.2}% 18
\BOOKMARK [3][-]{subsubsection.2.5.1}{\376\377\140\035\200\003\000W\000i\000n\000d\000o\000w\000s\163\257\130\203\116\013\116\016\000L\000i\000n\000u\000x\163\257\130\203\116\013\137\000\123\321\210\370\147\072\172\013\136\217\166\204\123\072\122\053\147\011\116\300\116\110\377\037}{subsection.2.5}% 19
\BOOKMARK [3][-]{subsubsection.2.5.2}{\376\377\000m\000a\000k\000e\123\312\000m\000a\000k\000e\000f\000i\000l\000e\166\204\117\134\165\050\146\057\116\300\116\110\377\037}{subsection.2.5}% 20
\BOOKMARK [3][-]{subsubsection.2.5.3}{\376\377\173\054\116\214\173\307\133\236\232\214\116\016\173\054\116\011\173\307\133\236\232\214\166\204\000L\000i\000n\000u\000x\174\373\176\337\116\000\150\067\124\027\377\037\131\202\116\015\124\014\377\014\116\015\124\014\116\113\131\004\147\011\116\300\116\110\377\037}{subsection.2.5}% 21
\BOOKMARK [3][-]{subsubsection.2.5.4}{\376\377\121\163\116\216\000L\000i\000n\000u\000x\174\373\176\337\377\014\117\140\217\330\140\363\211\201\116\206\211\343\116\300\116\110\377\037}{subsection.2.5}% 22
\BOOKMARK [3][-]{subsubsection.2.5.5}{\376\377\121\163\116\216\135\114\121\145\137\017\000L\000i\000n\000u\000x\144\315\117\134\174\373\176\337\166\204\137\000\123\321\377\014\117\140\217\330\136\014\147\033\133\146\116\140\116\300\116\110\377\037}{subsection.2.5}% 23
\BOOKMARK [2][-]{subsection.2.6}{\376\377\117\123\117\032\124\214\136\372\213\256}{section.2}% 24
